<?xml version="1.0" encoding="UTF-8"?>
<!-- Generated by org.testng.reporters.JUnitXMLReporter -->
<testsuite ignored="0" hostname="DESKTOP-Q6EUPV9" failures="0" tests="2" name="Test" time="37.498" errors="0" timestamp="2022-10-19T17:06:04 IST">
  <testcase classname="testClasses.VerifyUserCanGetLowestPriceProduct" name="@AfterMethod afterMethod" time="0.001">
    <failure type="java.lang.Error" message="Unresolved compilation problem: 
	Syntax error, insert &amp;quot;}&amp;quot; to complete Statement
">
      <![CDATA[java.lang.Error: Unresolved compilation problem: 
Syntax error, insert "}" to complete Statement

at testClasses.VerifyUserCanGetLowestPriceProduct.afterMethod(VerifyUserCanGetLowestPriceProduct.java:86)
at java.base/java.util.ArrayList.forEach(ArrayList.java:1511)
... Removed 30 stack frames]]>
    </failure>
  </testcase> <!-- @AfterMethod afterMethod -->
  <testcase classname="testClasses.VerifyUserCanGetLowestPriceProduct" name="@AfterClass afterClass" time="0.0">
    <skipped/>
  </testcase> <!-- @AfterClass afterClass -->
  <testcase classname="testClasses.VerifyUserCanLogin" name="VerifyUserLogin" time="2.646"/>
  <testcase classname="testClasses.VerifyUserCanGetLowestPriceProduct" name="VerifyUserGetLowestPriceProduct" time="6.513"/>
</testsuite> <!-- Test -->
